

Version:	3.14
CmdLine:	C:\Users\Kaiji\Desktop\KJ's Tetris 1.0.0\KJ's Tetris.exe --l4j-debug
WOW64:		yes
Working dir:	C:\Users\Kaiji\Desktop\KJ's Tetris 1.0.0\.
Java min ver:	1.008.000
Java max ver:	
64-bit search:	SOFTWARE\JavaSoft\Java Runtime Environment...
32-bit search:	SOFTWARE\JavaSoft\Java Runtime Environment...
64-bit search:	SOFTWARE\JavaSoft\Java Development Kit...
32-bit search:	SOFTWARE\JavaSoft\Java Development Kit...
64-bit search:	SOFTWARE\JavaSoft\JRE...
32-bit search:	SOFTWARE\JavaSoft\JRE...
64-bit search:	SOFTWARE\JavaSoft\JDK...
Check:		SOFTWARE\JavaSoft\JDK\15
Check launcher:	C:\Program Files\Java\jdk-15\bin\javaw.exe (OK)
Match:		1.015.000
Runtime used:	1.015.000 (64-bit)
Launcher:	C:\Program Files\Java\jdk-15\bin\javaw.exe
Launcher args:	-jar "C:\Users\Kaiji\Desktop\KJ's Tetris 1.0.0\KJ's Tetris.exe"
Args length:	63/32768 chars
Exit code:	0


Version:	3.14
CmdLine:	C:\Users\Kaiji\Desktop\KJ's Tetris 1.0.0\KJ's Tetris.exe --l4j-debug
WOW64:		yes
Working dir:	C:\Users\Kaiji\Desktop\KJ's Tetris 1.0.0\.
Java min ver:	1.008.000
Java max ver:	
64-bit search:	SOFTWARE\JavaSoft\Java Runtime Environment...
32-bit search:	SOFTWARE\JavaSoft\Java Runtime Environment...
64-bit search:	SOFTWARE\JavaSoft\Java Development Kit...
32-bit search:	SOFTWARE\JavaSoft\Java Development Kit...
64-bit search:	SOFTWARE\JavaSoft\JRE...
32-bit search:	SOFTWARE\JavaSoft\JRE...
64-bit search:	SOFTWARE\JavaSoft\JDK...
Check:		SOFTWARE\JavaSoft\JDK\15
Check launcher:	C:\Program Files\Java\jdk-15\bin\javaw.exe (OK)
Match:		1.015.000
Runtime used:	1.015.000 (64-bit)
Launcher:	C:\Program Files\Java\jdk-15\bin\javaw.exe
Launcher args:	-jar "C:\Users\Kaiji\Desktop\KJ's Tetris 1.0.0\KJ's Tetris.exe"
Args length:	63/32768 chars
Exit code:	0


Version:	3.14
CmdLine:	C:\Users\Kaiji\Desktop\KJ's Tetris 1.0.0\KJ's Tetris.exe --l4j-debug
WOW64:		yes
Working dir:	C:\Users\Kaiji\Desktop\KJ's Tetris 1.0.0\.
Java min ver:	1.008.000
Java max ver:	
64-bit search:	SOFTWARE\JavaSoft\Java Runtime Environment...
32-bit search:	SOFTWARE\JavaSoft\Java Runtime Environment...
64-bit search:	SOFTWARE\JavaSoft\Java Development Kit...
32-bit search:	SOFTWARE\JavaSoft\Java Development Kit...
64-bit search:	SOFTWARE\JavaSoft\JRE...
32-bit search:	SOFTWARE\JavaSoft\JRE...
64-bit search:	SOFTWARE\JavaSoft\JDK...
Check:		SOFTWARE\JavaSoft\JDK\15
Check launcher:	C:\Program Files\Java\jdk-15\bin\javaw.exe (OK)
Match:		1.015.000
Runtime used:	1.015.000 (64-bit)
Launcher:	C:\Program Files\Java\jdk-15\bin\javaw.exe
Launcher args:	-jar "C:\Users\Kaiji\Desktop\KJ's Tetris 1.0.0\KJ's Tetris.exe"
Args length:	63/32768 chars
Exit code:	0


Version:	3.14
CmdLine:	C:\Users\Kaiji\Desktop\KJ's Tetris 1.0.0\KJ's Tetris.exe --l4j-debug
WOW64:		yes
Working dir:	C:\Users\Kaiji\Desktop\KJ's Tetris 1.0.0\.
Java min ver:	1.008.000
Java max ver:	
64-bit search:	SOFTWARE\JavaSoft\Java Runtime Environment...
32-bit search:	SOFTWARE\JavaSoft\Java Runtime Environment...
64-bit search:	SOFTWARE\JavaSoft\Java Development Kit...
32-bit search:	SOFTWARE\JavaSoft\Java Development Kit...
64-bit search:	SOFTWARE\JavaSoft\JRE...
32-bit search:	SOFTWARE\JavaSoft\JRE...
64-bit search:	SOFTWARE\JavaSoft\JDK...
Check:		SOFTWARE\JavaSoft\JDK\15
Check launcher:	C:\Program Files\Java\jdk-15\bin\javaw.exe (OK)
Match:		1.015.000
Runtime used:	1.015.000 (64-bit)
Launcher:	C:\Program Files\Java\jdk-15\bin\javaw.exe
Launcher args:	-jar "C:\Users\Kaiji\Desktop\KJ's Tetris 1.0.0\KJ's Tetris.exe"
Args length:	63/32768 chars
Exit code:	0


Version:	3.14
CmdLine:	C:\Users\Kaiji\Desktop\KJ's Tetris 1.0.0\KJ's Tetris.exe --l4j-debug
WOW64:		yes
Working dir:	C:\Users\Kaiji\Desktop\KJ's Tetris 1.0.0\.
Java min ver:	1.008.000
Java max ver:	
64-bit search:	SOFTWARE\JavaSoft\Java Runtime Environment...
32-bit search:	SOFTWARE\JavaSoft\Java Runtime Environment...
64-bit search:	SOFTWARE\JavaSoft\Java Development Kit...
32-bit search:	SOFTWARE\JavaSoft\Java Development Kit...
64-bit search:	SOFTWARE\JavaSoft\JRE...
32-bit search:	SOFTWARE\JavaSoft\JRE...
64-bit search:	SOFTWARE\JavaSoft\JDK...
Check:		SOFTWARE\JavaSoft\JDK\15
Check launcher:	C:\Program Files\Java\jdk-15\bin\javaw.exe (OK)
Match:		1.015.000
Runtime used:	1.015.000 (64-bit)
Launcher:	C:\Program Files\Java\jdk-15\bin\javaw.exe
Launcher args:	-jar "C:\Users\Kaiji\Desktop\KJ's Tetris 1.0.0\KJ's Tetris.exe"
Args length:	63/32768 chars
Exit code:	0


Version:	3.14
CmdLine:	C:\Users\Kaiji\Desktop\KJ's Tetris 1.0.0\KJ's Tetris.exe --l4j-debug
WOW64:		yes
Working dir:	C:\Users\Kaiji\Desktop\KJ's Tetris 1.0.0\.
Java min ver:	1.008.000
Java max ver:	
64-bit search:	SOFTWARE\JavaSoft\Java Runtime Environment...
32-bit search:	SOFTWARE\JavaSoft\Java Runtime Environment...
64-bit search:	SOFTWARE\JavaSoft\Java Development Kit...
32-bit search:	SOFTWARE\JavaSoft\Java Development Kit...
64-bit search:	SOFTWARE\JavaSoft\JRE...
32-bit search:	SOFTWARE\JavaSoft\JRE...
64-bit search:	SOFTWARE\JavaSoft\JDK...
Check:		SOFTWARE\JavaSoft\JDK\15
Check launcher:	C:\Program Files\Java\jdk-15\bin\javaw.exe (OK)
Match:		1.015.000
Runtime used:	1.015.000 (64-bit)
Main class:	Tetris.java
Info:		Classpath not defined.
Launcher:	C:\Program Files\Java\jdk-15\bin\javaw.exe
Launcher args:	-classpath "C:\Users\Kaiji\Desktop\KJ's Tetris 1.0.0\KJ's Tetris.exe" Tetris.java
Args length:	81/32768 chars
Exit code:	0


Version:	3.14
CmdLine:	C:\Users\Kaiji\Desktop\KJ's Tetris 1.0.0\KJ's Tetris.exe --l4j-debug
WOW64:		yes
Working dir:	C:\Users\Kaiji\Desktop\KJ's Tetris 1.0.0\.
Java min ver:	1.008.000
Java max ver:	
64-bit search:	SOFTWARE\JavaSoft\Java Runtime Environment...
32-bit search:	SOFTWARE\JavaSoft\Java Runtime Environment...
64-bit search:	SOFTWARE\JavaSoft\Java Development Kit...
32-bit search:	SOFTWARE\JavaSoft\Java Development Kit...
64-bit search:	SOFTWARE\JavaSoft\JRE...
32-bit search:	SOFTWARE\JavaSoft\JRE...
64-bit search:	SOFTWARE\JavaSoft\JDK...
Check:		SOFTWARE\JavaSoft\JDK\15
Check launcher:	C:\Program Files\Java\jdk-15\bin\javaw.exe (OK)
Match:		1.015.000
Runtime used:	1.015.000 (64-bit)
Main class:	Tetris.src.Tetris.java
Info:		Classpath not defined.
Launcher:	C:\Program Files\Java\jdk-15\bin\javaw.exe
Launcher args:	-classpath "C:\Users\Kaiji\Desktop\KJ's Tetris 1.0.0\KJ's Tetris.exe" Tetris.src.Tetris.java
Args length:	92/32768 chars
Exit code:	0


Version:	3.14
CmdLine:	C:\Users\Kaiji\Desktop\KJ's Tetris 1.0.0\KJ's Tetris.exe --l4j-debug
WOW64:		yes
Working dir:	C:\Users\Kaiji\Desktop\KJ's Tetris 1.0.0\.
Java min ver:	1.008.000
Java max ver:	
64-bit search:	SOFTWARE\JavaSoft\Java Runtime Environment...
32-bit search:	SOFTWARE\JavaSoft\Java Runtime Environment...
64-bit search:	SOFTWARE\JavaSoft\Java Development Kit...
32-bit search:	SOFTWARE\JavaSoft\Java Development Kit...
64-bit search:	SOFTWARE\JavaSoft\JRE...
32-bit search:	SOFTWARE\JavaSoft\JRE...
64-bit search:	SOFTWARE\JavaSoft\JDK...
Check:		SOFTWARE\JavaSoft\JDK\15
Check launcher:	C:\Program Files\Java\jdk-15\bin\javaw.exe (OK)
Match:		1.015.000
Runtime used:	1.015.000 (64-bit)
Main class:	Tetris.src.Tetris
Info:		Classpath not defined.
Launcher:	C:\Program Files\Java\jdk-15\bin\javaw.exe
Launcher args:	-classpath "C:\Users\Kaiji\Desktop\KJ's Tetris 1.0.0\KJ's Tetris.exe" Tetris.src.Tetris
Args length:	87/32768 chars
Exit code:	0


Version:	3.14
CmdLine:	C:\Users\Kaiji\Desktop\KJ's Tetris 1.0.0\KJ's Tetris.exe --l4j-debug
WOW64:		yes
Working dir:	C:\Users\Kaiji\Desktop\KJ's Tetris 1.0.0\.
Java min ver:	1.008.000
Java max ver:	
64-bit search:	SOFTWARE\JavaSoft\Java Runtime Environment...
32-bit search:	SOFTWARE\JavaSoft\Java Runtime Environment...
64-bit search:	SOFTWARE\JavaSoft\Java Development Kit...
32-bit search:	SOFTWARE\JavaSoft\Java Development Kit...
64-bit search:	SOFTWARE\JavaSoft\JRE...
32-bit search:	SOFTWARE\JavaSoft\JRE...
64-bit search:	SOFTWARE\JavaSoft\JDK...
Check:		SOFTWARE\JavaSoft\JDK\15
Check launcher:	C:\Program Files\Java\jdk-15\bin\javaw.exe (OK)
Match:		1.015.000
Runtime used:	1.015.000 (64-bit)
Main class:	Tetris.src.Tetris
Info:		Classpath not defined.
Launcher:	C:\Program Files\Java\jdk-15\bin\javaw.exe
Launcher args:	-classpath "C:\Users\Kaiji\Desktop\KJ's Tetris 1.0.0\KJ's Tetris.exe" Tetris.src.Tetris
Args length:	87/32768 chars
Exit code:	0


Version:	3.14
CmdLine:	C:\Users\Kaiji\Desktop\KJ's Tetris 1.0.0\KJ's Tetris.exe --l4j-debug
WOW64:		yes
Working dir:	C:\Users\Kaiji\Desktop\KJ's Tetris 1.0.0\.
Java min ver:	1.008.000
Java max ver:	
64-bit search:	SOFTWARE\JavaSoft\Java Runtime Environment...
32-bit search:	SOFTWARE\JavaSoft\Java Runtime Environment...
64-bit search:	SOFTWARE\JavaSoft\Java Development Kit...
32-bit search:	SOFTWARE\JavaSoft\Java Development Kit...
64-bit search:	SOFTWARE\JavaSoft\JRE...
32-bit search:	SOFTWARE\JavaSoft\JRE...
64-bit search:	SOFTWARE\JavaSoft\JDK...
Check:		SOFTWARE\JavaSoft\JDK\15
Check launcher:	C:\Program Files\Java\jdk-15\bin\javaw.exe (OK)
Match:		1.015.000
Runtime used:	1.015.000 (64-bit)
Main class:	Tetris
Info:		Classpath not defined.
Launcher:	C:\Program Files\Java\jdk-15\bin\javaw.exe
Launcher args:	-classpath "C:\Users\Kaiji\Desktop\KJ's Tetris 1.0.0\KJ's Tetris.exe" Tetris
Args length:	76/32768 chars
Exit code:	0


Version:	3.14
CmdLine:	C:\Users\Kaiji\Desktop\KJ's Tetris 1.0.0\KJ's Tetris.exe --l4j-debug
WOW64:		yes
Working dir:	C:\Users\Kaiji\Desktop\KJ's Tetris 1.0.0\.
Java min ver:	1.008.000
Java max ver:	
64-bit search:	SOFTWARE\JavaSoft\Java Runtime Environment...
32-bit search:	SOFTWARE\JavaSoft\Java Runtime Environment...
64-bit search:	SOFTWARE\JavaSoft\Java Development Kit...
32-bit search:	SOFTWARE\JavaSoft\Java Development Kit...
64-bit search:	SOFTWARE\JavaSoft\JRE...
32-bit search:	SOFTWARE\JavaSoft\JRE...
64-bit search:	SOFTWARE\JavaSoft\JDK...
Check:		SOFTWARE\JavaSoft\JDK\15
Check launcher:	C:\Program Files\Java\jdk-15\bin\javaw.exe (OK)
Match:		1.015.000
Runtime used:	1.015.000 (64-bit)
Main class:	Tetris
Info:		Classpath not defined.
Launcher:	C:\Program Files\Java\jdk-15\bin\javaw.exe
Launcher args:	-classpath "C:\Users\Kaiji\Desktop\KJ's Tetris 1.0.0\KJ's Tetris.exe" Tetris
Args length:	76/32768 chars
Exit code:	0
